<?xml version="1.0" encoding="UTF-8"?>
<testsuite name="VehicleTest" tests="1" skipped="0" failures="0" errors="0" timestamp="2024-10-21T10:19:13" hostname="GDA303-02" time="0.024">
  <properties/>
  <testcase name="VehicleTurnsOnWhenItHasBatteryAndFuel()" classname="VehicleTest" time="0.024"/>
  <system-out><![CDATA[]]></system-out>
  <system-err><![CDATA[]]></system-err>
</testsuite>
